###############################################################
#  Generated by:      Cadence Innovus 15.23-s045_1
#  OS:                Linux x86_64(Host ID ieng6-ece-01.ucsd.edu)
#  Generated on:      Wed Jan 29 18:42:57 2020
#  Design:            aes_cipher_top
#  Command:           summaryReport -nohtml -outfile aes_cipher_top.post_route.summary.rpt
###############################################################


==============================
Module 'us33' Information
==============================
Module Name: us33  
Number of Cells: 588  
Number of IOs: 16  
Total Clock Wire Length:    

==============================
Module Net Information
==============================
 : Internal  External  
No of Nets:        580          16  
No of Connections:       1446          97  
Total Net Length (X): 5.4974e+03  4.4304e+02  
Total Net Length (Y): 4.5580e+03  3.5468e+02  
Total Net Length: 1.0055e+04  7.9772e+02  
