###############################################################
#  Generated by:      Cadence Innovus 15.23-s045_1
#  OS:                Linux x86_64(Host ID ieng6-ece-01.ucsd.edu)
#  Generated on:      Wed Jan 29 19:07:35 2020
#  Design:            aes_cipher_top
#  Command:           report_timing -max_paths 5 > ${design}.post_route.timing.rpt
###############################################################
Path 1: MET Setup Check with Pin sa31_reg_7_/CP 
Endpoint:   sa31_reg_7_/D (^) checked with  leading edge of 'clk'
Beginpoint: sa01_reg_5_/Q (v) triggered by  leading edge of 'clk'
Path Groups: {clk}
Analysis View: WC_VIEW
Other End Arrival Time          0.160
- Setup                         0.035
+ Phase Shift                   1.180
= Required Time                 1.305
- Arrival Time                  1.303
= Slack Time                    0.001
     Clock Rise Edge                 0.000
     + Clock Network Latency (Prop)  0.159
     = Beginpoint Arrival Time       0.159
     +-------------------------------------------------------------------------------+ 
     |        Instance        |     Arc      |   Cell   | Delay | Arrival | Required | 
     |                        |              |          |       |  Time   |   Time   | 
     |------------------------+--------------+----------+-------+---------+----------| 
     | sa01_reg_5_            | CP ^         |          |       |   0.159 |    0.160 | 
     | sa01_reg_5_            | CP ^ -> Q v  | DFQD4    | 0.170 |   0.329 |    0.331 | 
     | us01/FE_OFC718_sa01_5_ | I v -> Z v   | BUFFD4   | 0.065 |   0.394 |    0.396 | 
     | us01/U407              | A1 v -> ZN ^ | CKND2D1  | 0.052 |   0.446 |    0.448 | 
     | us01/U367              | I ^ -> ZN v  | INVD1    | 0.051 |   0.497 |    0.499 | 
     | us01/FE_RC_3844_0      | A2 v -> ZN ^ | MAOI22D1 | 0.055 |   0.552 |    0.553 | 
     | us01/FE_RC_3842_0      | A2 ^ -> Z ^  | AN2XD1   | 0.062 |   0.614 |    0.615 | 
     | us01/FE_RC_3838_0      | B2 ^ -> Z ^  | OA222D1  | 0.108 |   0.722 |    0.723 | 
     | us01/FE_RC_3825_0      | A3 ^ -> ZN v | ND4D2    | 0.069 |   0.791 |    0.792 | 
     | us01/FE_RC_3824_0      | A1 v -> ZN ^ | NR2XD1   | 0.048 |   0.839 |    0.840 | 
     | us01/FE_RC_2920_0      | I ^ -> ZN v  | INVD4    | 0.039 |   0.878 |    0.880 | 
     | U936                   | A2 v -> Z ^  | XOR2D4   | 0.118 |   0.997 |    0.998 | 
     | U1237                  | A1 ^ -> Z v  | XOR4D2   | 0.207 |   1.203 |    1.205 | 
     | FE_RC_524_0            | A1 v -> ZN ^ | OAI21D4  | 0.099 |   1.303 |    1.304 | 
     | sa31_reg_7_            | D ^          | DFQD4    | 0.001 |   1.303 |    1.305 | 
     +-------------------------------------------------------------------------------+ 
Path 2: MET Setup Check with Pin sa10_reg_7_/CP 
Endpoint:   sa10_reg_7_/D (^) checked with  leading edge of 'clk'
Beginpoint: sa33_reg_2_/Q (^) triggered by  leading edge of 'clk'
Path Groups: {clk}
Analysis View: WC_VIEW
Other End Arrival Time          0.150
- Setup                         0.032
+ Phase Shift                   1.180
= Required Time                 1.298
- Arrival Time                  1.294
= Slack Time                    0.003
     Clock Rise Edge                 0.000
     + Clock Network Latency (Prop)  0.160
     = Beginpoint Arrival Time       0.160
     +------------------------------------------------------------------------------------+ 
     |           Instance           |     Arc      |  Cell   | Delay | Arrival | Required | 
     |                              |              |         |       |  Time   |   Time   | 
     |------------------------------+--------------+---------+-------+---------+----------| 
     | sa33_reg_2_                  | CP ^         |         |       |   0.160 |    0.163 | 
     | sa33_reg_2_                  | CP ^ -> Q ^  | DFQD4   | 0.147 |   0.307 |    0.311 | 
     | us33/FE_OCPC1922_sa33_2__dup | I ^ -> ZN v  | CKND4   | 0.025 |   0.333 |    0.336 | 
     | us33/FE_OCPC1926_sa33_2_     | I v -> ZN ^  | INVD8   | 0.048 |   0.381 |    0.385 | 
     | us33/U78                     | A2 ^ -> ZN v | ND2D8   | 0.055 |   0.436 |    0.440 | 
     | us33/FE_OFC368_n642          | I v -> ZN ^  | CKND3   | 0.058 |   0.494 |    0.498 | 
     | us33/U434                    | A1 ^ -> ZN v | ND3D2   | 0.074 |   0.568 |    0.571 | 
     | us33/U284                    | A1 v -> ZN ^ | NR2XD0  | 0.113 |   0.681 |    0.685 | 
     | us33/FE_RC_2468_0            | A1 ^ -> Z ^  | OR2D0   | 0.082 |   0.764 |    0.767 | 
     | us33/FE_RC_2466_0            | B2 ^ -> ZN v | INR3D1  | 0.039 |   0.802 |    0.806 | 
     | us33/U176                    | A4 v -> ZN ^ | ND4D3   | 0.043 |   0.845 |    0.849 | 
     | FE_OFC1674_sa30_sr_7_        | I ^ -> Z ^   | BUFFD12 | 0.070 |   0.915 |    0.918 | 
     | FE_RC_4856_0                 | A1 ^ -> ZN ^ | INR2XD1 | 0.060 |   0.975 |    0.979 | 
     | FE_RC_4855_0                 | A1 ^ -> ZN ^ | IND2D2  | 0.049 |   1.025 |    1.028 | 
     | U974                         | A4 ^ -> Z v  | XOR4D2  | 0.207 |   1.232 |    1.236 | 
     | FE_RC_3269_0                 | A1 v -> ZN ^ | OAI21D4 | 0.061 |   1.293 |    1.297 | 
     | sa10_reg_7_                  | D ^          | DFQD4   | 0.001 |   1.294 |    1.298 | 
     +------------------------------------------------------------------------------------+ 
Path 3: MET Setup Check with Pin sa30_reg_0_/CP 
Endpoint:   sa30_reg_0_/D (^) checked with  leading edge of 'clk'
Beginpoint: sa33_reg_2_/Q (^) triggered by  leading edge of 'clk'
Path Groups: {clk}
Analysis View: WC_VIEW
Other End Arrival Time          0.147
- Setup                         0.033
+ Phase Shift                   1.180
= Required Time                 1.293
- Arrival Time                  1.289
= Slack Time                    0.004
     Clock Rise Edge                 0.000
     + Clock Network Latency (Prop)  0.160
     = Beginpoint Arrival Time       0.160
     +------------------------------------------------------------------------------------+ 
     |           Instance           |     Arc      |  Cell   | Delay | Arrival | Required | 
     |                              |              |         |       |  Time   |   Time   | 
     |------------------------------+--------------+---------+-------+---------+----------| 
     | sa33_reg_2_                  | CP ^         |         |       |   0.160 |    0.164 | 
     | sa33_reg_2_                  | CP ^ -> Q ^  | DFQD4   | 0.147 |   0.307 |    0.311 | 
     | us33/FE_OCPC1922_sa33_2__dup | I ^ -> ZN v  | CKND4   | 0.025 |   0.333 |    0.337 | 
     | us33/FE_OCPC1926_sa33_2_     | I v -> ZN ^  | INVD8   | 0.048 |   0.381 |    0.385 | 
     | us33/U78                     | A2 ^ -> ZN v | ND2D8   | 0.055 |   0.436 |    0.440 | 
     | us33/FE_OFC368_n642          | I v -> ZN ^  | CKND3   | 0.058 |   0.494 |    0.498 | 
     | us33/U434                    | A1 ^ -> ZN v | ND3D2   | 0.074 |   0.568 |    0.572 | 
     | us33/U284                    | A1 v -> ZN ^ | NR2XD0  | 0.113 |   0.681 |    0.685 | 
     | us33/FE_RC_2468_0            | A1 ^ -> Z ^  | OR2D0   | 0.082 |   0.764 |    0.768 | 
     | us33/FE_RC_2466_0            | B2 ^ -> ZN v | INR3D1  | 0.039 |   0.802 |    0.806 | 
     | us33/U176                    | A4 v -> ZN ^ | ND4D3   | 0.043 |   0.845 |    0.849 | 
     | FE_OFC1674_sa30_sr_7_        | I ^ -> Z ^   | BUFFD12 | 0.070 |   0.915 |    0.919 | 
     | U871                         | A1 ^ -> Z ^  | XOR2D4  | 0.090 |   1.005 |    1.009 | 
     | U1222                        | A4 ^ -> Z v  | XOR4D2  | 0.208 |   1.213 |    1.217 | 
     | FE_RC_531_0                  | A1 v -> ZN ^ | OAI21D4 | 0.076 |   1.289 |    1.293 | 
     | sa30_reg_0_                  | D ^          | DFQD4   | 0.000 |   1.289 |    1.293 | 
     +------------------------------------------------------------------------------------+ 
Path 4: MET Setup Check with Pin u0/w_reg_3__18_/CP 
Endpoint:   u0/w_reg_3__18_/D (^) checked with  leading edge of 'clk'
Beginpoint: u0/w_reg_3__12_/Q (v) triggered by  leading edge of 'clk'
Path Groups: {clk}
Analysis View: WC_VIEW
Other End Arrival Time          0.146
- Setup                         0.020
+ Phase Shift                   1.180
= Required Time                 1.306
- Arrival Time                  1.302
= Slack Time                    0.004
     Clock Rise Edge                 0.000
     + Clock Network Latency (Prop)  0.162
     = Beginpoint Arrival Time       0.162
     +------------------------------------------------------------------------------+ 
     |        Instance        |     Arc      |  Cell   | Delay | Arrival | Required | 
     |                        |              |         |       |  Time   |   Time   | 
     |------------------------+--------------+---------+-------+---------+----------| 
     | u0/w_reg_3__12_        | CP ^         |         |       |   0.162 |    0.166 | 
     | u0/w_reg_3__12_        | CP ^ -> Q v  | DFQD2   | 0.163 |   0.325 |    0.329 | 
     | u0/FE_OFC119_w3_12_    | I v -> Z v   | BUFFD12 | 0.060 |   0.385 |    0.389 | 
     | u0/u1/FE_OFC120_w3_12_ | I v -> ZN ^  | INVD12  | 0.048 |   0.433 |    0.437 | 
     | u0/u1/U190             | A2 ^ -> ZN v | ND2D1   | 0.088 |   0.521 |    0.525 | 
     | u0/u1/U237             | A1 v -> ZN ^ | NR2D1   | 0.122 |   0.643 |    0.647 | 
     | u0/u1/U314             | C ^ -> Z ^   | AO221D1 | 0.087 |   0.730 |    0.734 | 
     | u0/u1/FE_RC_4366_0     | B1 ^ -> ZN v | AOI22D1 | 0.042 |   0.771 |    0.776 | 
     | u0/u1/FE_RC_4365_0     | A1 v -> ZN v | INR2XD1 | 0.076 |   0.847 |    0.851 | 
     | u0/u1/FE_RC_2517_0     | A1 v -> ZN ^ | CKND2D2 | 0.037 |   0.884 |    0.889 | 
     | u0/u1/FE_RC_2514_0     | A2 ^ -> ZN v | NR2XD1  | 0.030 |   0.915 |    0.919 | 
     | u0/u1/FE_RC_2515_0     | I v -> ZN ^  | CKND2   | 0.036 |   0.951 |    0.955 | 
     | u0/FE_RC_5510_0        | B1 ^ -> ZN v | INR2D1  | 0.032 |   0.983 |    0.987 | 
     | u0/FE_RC_2326_0        | A1 v -> ZN v | IND2D2  | 0.068 |   1.050 |    1.055 | 
     | u0/U333                | A1 v -> ZN ^ | XNR2D4  | 0.109 |   1.159 |    1.163 | 
     | u0/U217                | A3 ^ -> Z v  | XOR3D4  | 0.111 |   1.270 |    1.274 | 
     | u0/FE_RC_4545_0        | A1 v -> ZN ^ | OAI21D4 | 0.033 |   1.302 |    1.306 | 
     | u0/w_reg_3__18_        | D ^          | DFQD4   | 0.000 |   1.302 |    1.306 | 
     +------------------------------------------------------------------------------+ 
Path 5: MET Setup Check with Pin sa21_reg_3_/CP 
Endpoint:   sa21_reg_3_/D (v) checked with  leading edge of 'clk'
Beginpoint: sa30_reg_1_/Q (^) triggered by  leading edge of 'clk'
Path Groups: {clk}
Analysis View: WC_VIEW
Other End Arrival Time          0.146
- Setup                        -0.003
+ Phase Shift                   1.180
= Required Time                 1.329
- Arrival Time                  1.324
= Slack Time                    0.006
     Clock Rise Edge                 0.000
     + Clock Network Latency (Prop)  0.158
     = Beginpoint Arrival Time       0.158
     +--------------------------------------------------------------------------------------------+ 
     |              Instance               |     Arc      |   Cell   | Delay | Arrival | Required | 
     |                                     |              |          |       |  Time   |   Time   | 
     |-------------------------------------+--------------+----------+-------+---------+----------| 
     | sa30_reg_1_                         | CP ^         |          |       |   0.158 |    0.163 | 
     | sa30_reg_1_                         | CP ^ -> Q ^  | DFQD4    | 0.139 |   0.297 |    0.303 | 
     | FE_OFC1357_sa30_1_                  | I ^ -> Z ^   | BUFFD16  | 0.075 |   0.372 |    0.378 | 
     | us30/FE_OCPC2064_FE_OFN1357_sa30_1_ | I ^ -> ZN v  | INVD6    | 0.044 |   0.416 |    0.422 | 
     | us30/U184                           | A1 v -> Z v  | AN2D8    | 0.061 |   0.477 |    0.483 | 
     | us30/FE_RC_3168_0                   | A2 v -> ZN ^ | NR2XD1   | 0.035 |   0.512 |    0.518 | 
     | us30/FE_RC_3167_0                   | A1 ^ -> ZN ^ | INR2XD1  | 0.053 |   0.566 |    0.571 | 
     | us30/FE_RC_3162_0                   | C2 ^ -> ZN v | OAI222D2 | 0.078 |   0.644 |    0.649 | 
     | us30/FE_RC_3161_0                   | A1 v -> ZN ^ | NR2XD1   | 0.058 |   0.702 |    0.707 | 
     | us30/FE_RC_3160_0                   | A1 ^ -> ZN v | ND3D2    | 0.041 |   0.743 |    0.749 | 
     | us30/FE_RC_3134_0                   | B2 v -> ZN ^ | INR3D1   | 0.055 |   0.798 |    0.804 | 
     | us30/FE_RC_1556_0                   | I ^ -> ZN v  | INVD3    | 0.044 |   0.842 |    0.848 | 
     | U1203                               | A2 v -> Z ^  | XOR3D1   | 0.169 |   1.011 |    1.017 | 
     | U750                                | A4 ^ -> Z v  | XOR4D2   | 0.225 |   1.236 |    1.242 | 
     | FE_RC_4777_0                        | A1 v -> ZN ^ | CKND2D2  | 0.045 |   1.281 |    1.286 | 
     | FE_RC_4776_0                        | A2 ^ -> ZN v | CKND2D3  | 0.042 |   1.323 |    1.329 | 
     | sa21_reg_3_                         | D v          | DFQD2    | 0.000 |   1.324 |    1.329 | 
     +--------------------------------------------------------------------------------------------+ 

