*----------------------------------------------------------------------------------------
*	Innovus 15.23-s045_1 (64bit) 04/22/2016 12:32 (Linux 2.6.18-194.el5)
*	
*
* 	Date & Time:	2020-Jan-29 17:44:42 (2020-Jan-30 01:44:42 GMT)
*
*----------------------------------------------------------------------------------------
*
*	Design: aes_cipher_top
*
*	Liberty Libraries used: 
*	        WC_VIEW: ../../libdir/lib/tcbn65gpluswc.lib
*
*	Power Domain used: 
*
*       Power View : WC_VIEW
*
*       User-Defined Activity : N.A.
*
*       Activity File: N.A.
*
*       Hierarchical Global Activity: N.A.
*
*       Global Activity: N.A.
*
*       Sequential Element Activity: N.A.
*
*       Primary Input Activity: 0.200000
*
*       Default icg ratio: N.A.
*
*       Global Comb ClockGate Ratio: N.A.
*
*	Power Units = 1mW
*
*	Time Units = 1e-09 secs 
*
*       report_power -outfile aes_cipher_top.post_route.power.rpt
*
-----------------------------------------------------------------------------------------


Total Power 
-----------------------------------------------------------------------------------------
Total Internal Power:       17.90255359 	   61.4322%
Total Switching Power:      11.03112097 	   37.8531%
Total Leakage Power:         0.20828258 	    0.7147%
Total Power:                29.14195715 
-----------------------------------------------------------------------------------------


Group                           Internal   Switching     Leakage       Total  Percentage 
                                Power      Power         Power         Power  (%)        
-----------------------------------------------------------------------------------------
Sequential                         5.016      0.5321     0.02937       5.578       19.14 
Macro                                  0           0           0           0           0 
IO                                     0           0           0           0           0 
Combinational                      12.89        10.5      0.1789       23.56       80.86 
Clock (Combinational)                  0           0           0           0           0 
Clock (Sequential)                     0           0           0           0           0 
-----------------------------------------------------------------------------------------
Total                               17.9       11.03      0.2083       29.14         100 
-----------------------------------------------------------------------------------------


Rail                  Voltage   Internal   Switching     Leakage       Total  Percentage 
                                Power      Power         Power         Power  (%)        
-----------------------------------------------------------------------------------------
Default                   0.9       17.9       11.03      0.2083       29.14         100 


-----------------------------------------------------------------------------------------
*	Power Distribution Summary: 
* 		Highest Average Power:               sa12_reg_1_ (DFQD4): 	   0.02545 
* 		Highest Leakage Power:                 us32/U217 (BUFFD16): 	 0.0002485 
* 		Total Cap: 	3.43571e-11 F
* 		Total instances in design: 10926
* 		Total instances in design with no power:     0
*          Total instances in design with no activity:     0
* 		Total Fillers and Decap:     0
-----------------------------------------------------------------------------------------

